2017-04-29 13:48:39,008 [Worker-2] INFO  c.g.t.t.d.PublishedGradleVersions - Gradle version information cache is up-to-date. Trying to read.
2017-04-29 13:49:06,427 [Worker-11] INFO  o.e.m.c.i.l.LifecycleMappingFactory - Using org.eclipse.m2e.jdt.JarLifecycleMapping lifecycle mapping for MavenProject: caso2_jd.ahumada10_r.garcia11:caso2_jd.ahumada10_r.garcia11:0.0.1-SNAPSHOT @ D:\Users\Rogelio Garcia\Documents\U\2017-I\Infracomp\Caso3\Caso3_jd.ahumada10_r.garcia11\caso2_jd.ahumada10_r.garcia12ff\pom.xml.
2017-04-29 13:49:06,429 [Worker-12] INFO  o.e.m.c.i.l.LifecycleMappingFactory - Using org.eclipse.m2e.jdt.JarLifecycleMapping lifecycle mapping for MavenProject: caso2_jd.ahumada10_r.garcia11:caso2_jd.ahumada10_r.garcia11:0.0.1-SNAPSHOT @ D:\Users\Rogelio Garcia\Documents\U\2017-I\Infracomp\Caso3\Caso3_jd.ahumada10_r.garcia11\caso2_jd.ahumada10_r.garcia12ff\pom.xml.
2017-04-29 13:49:07,567 [Worker-11] WARN  o.e.m.c.i.embedder.EclipseLogger - Using platform encoding (Cp1252 actually) to copy filtered resources, i.e. build is platform dependent!
2017-04-29 13:49:07,588 [Worker-11] INFO  o.e.m.c.i.embedder.EclipseLogger - skip non existing resourceDirectory D:\Users\Rogelio Garcia\Documents\U\2017-I\Infracomp\Caso3\Caso3_jd.ahumada10_r.garcia11\caso2_jd.ahumada10_r.garcia12ff\src\main\resources
2017-04-29 13:49:07,590 [Worker-11] WARN  o.e.m.c.i.embedder.EclipseLogger - Using platform encoding (Cp1252 actually) to copy filtered resources, i.e. build is platform dependent!
2017-04-29 13:49:07,611 [Worker-11] INFO  o.e.m.c.i.embedder.EclipseLogger - skip non existing resourceDirectory D:\Users\Rogelio Garcia\Documents\U\2017-I\Infracomp\Caso3\Caso3_jd.ahumada10_r.garcia11\caso2_jd.ahumada10_r.garcia12ff\src\test\resources
2017-04-29 13:49:09,397 [Worker-7] WARN  o.e.m.c.i.embedder.EclipseLogger - Using platform encoding (Cp1252 actually) to copy filtered resources, i.e. build is platform dependent!
2017-04-29 13:49:09,853 [Worker-7] INFO  o.e.m.c.i.embedder.EclipseLogger - skip non existing resourceDirectory D:\Users\Rogelio Garcia\Documents\U\2017-I\Infracomp\Caso3\Caso3_jd.ahumada10_r.garcia11\caso2_jd.ahumada10_r.garcia12ff\src\main\resources
2017-04-29 13:49:10,067 [Worker-11] INFO  o.e.m.c.i.l.LifecycleMappingFactory - Using org.eclipse.m2e.jdt.JarLifecycleMapping lifecycle mapping for MavenProject: caso2_jd.ahumada10_r.garcia11:caso2_jd.ahumada10_r.garcia11:0.0.1-SNAPSHOT @ D:\Users\Rogelio Garcia\Documents\U\2017-I\Infracomp\Caso3\Caso3_jd.ahumada10_r.garcia11\caso2_jd.ahumada10_r.garcia12ff\pom.xml.
2017-04-29 13:49:10,070 [Worker-7] WARN  o.e.m.c.i.embedder.EclipseLogger - Using platform encoding (Cp1252 actually) to copy filtered resources, i.e. build is platform dependent!
2017-04-29 13:49:10,097 [Worker-7] INFO  o.e.m.c.i.embedder.EclipseLogger - skip non existing resourceDirectory D:\Users\Rogelio Garcia\Documents\U\2017-I\Infracomp\Caso3\Caso3_jd.ahumada10_r.garcia11\caso2_jd.ahumada10_r.garcia12ff\src\test\resources
2017-04-29 13:49:11,178 [Worker-5] WARN  o.e.m.c.i.embedder.EclipseLogger - Using platform encoding (Cp1252 actually) to copy filtered resources, i.e. build is platform dependent!
2017-04-29 13:49:11,246 [Worker-5] INFO  o.e.m.c.i.embedder.EclipseLogger - skip non existing resourceDirectory D:\Users\Rogelio Garcia\Documents\U\2017-I\Infracomp\Caso3\Caso3_jd.ahumada10_r.garcia11\caso2_jd.ahumada10_r.garcia12ff\src\main\resources
2017-04-29 13:49:11,248 [Worker-5] WARN  o.e.m.c.i.embedder.EclipseLogger - Using platform encoding (Cp1252 actually) to copy filtered resources, i.e. build is platform dependent!
2017-04-29 13:49:11,298 [Worker-5] INFO  o.e.m.c.i.embedder.EclipseLogger - skip non existing resourceDirectory D:\Users\Rogelio Garcia\Documents\U\2017-I\Infracomp\Caso3\Caso3_jd.ahumada10_r.garcia11\caso2_jd.ahumada10_r.garcia12ff\src\test\resources
2017-04-29 13:54:08,739 [Worker-13] WARN  o.e.m.c.i.embedder.EclipseLogger - Using platform encoding (Cp1252 actually) to copy filtered resources, i.e. build is platform dependent!
2017-04-29 13:54:08,754 [Worker-13] INFO  o.e.m.c.i.embedder.EclipseLogger - skip non existing resourceDirectory D:\Users\Rogelio Garcia\Documents\U\2017-I\Infracomp\Caso3\Caso3_jd.ahumada10_r.garcia11\caso2_jd.ahumada10_r.garcia12ff\src\main\resources
2017-04-29 13:54:08,755 [Worker-13] WARN  o.e.m.c.i.embedder.EclipseLogger - Using platform encoding (Cp1252 actually) to copy filtered resources, i.e. build is platform dependent!
2017-04-29 13:54:08,771 [Worker-13] INFO  o.e.m.c.i.embedder.EclipseLogger - skip non existing resourceDirectory D:\Users\Rogelio Garcia\Documents\U\2017-I\Infracomp\Caso3\Caso3_jd.ahumada10_r.garcia11\caso2_jd.ahumada10_r.garcia12ff\src\test\resources
2017-04-29 13:54:25,937 [Worker-11] WARN  o.e.m.c.i.embedder.EclipseLogger - Using platform encoding (Cp1252 actually) to copy filtered resources, i.e. build is platform dependent!
2017-04-29 13:54:25,955 [Worker-11] INFO  o.e.m.c.i.embedder.EclipseLogger - skip non existing resourceDirectory D:\Users\Rogelio Garcia\Documents\U\2017-I\Infracomp\Caso3\Caso3_jd.ahumada10_r.garcia11\caso2_jd.ahumada10_r.garcia12ff\src\main\resources
2017-04-29 13:54:25,956 [Worker-11] WARN  o.e.m.c.i.embedder.EclipseLogger - Using platform encoding (Cp1252 actually) to copy filtered resources, i.e. build is platform dependent!
2017-04-29 13:54:25,962 [Worker-11] INFO  o.e.m.c.i.embedder.EclipseLogger - skip non existing resourceDirectory D:\Users\Rogelio Garcia\Documents\U\2017-I\Infracomp\Caso3\Caso3_jd.ahumada10_r.garcia11\caso2_jd.ahumada10_r.garcia12ff\src\test\resources
2017-04-29 13:54:26,980 [Worker-13] WARN  o.e.m.c.i.embedder.EclipseLogger - Using platform encoding (Cp1252 actually) to copy filtered resources, i.e. build is platform dependent!
2017-04-29 13:54:27,010 [Worker-13] INFO  o.e.m.c.i.embedder.EclipseLogger - skip non existing resourceDirectory D:\Users\Rogelio Garcia\Documents\U\2017-I\Infracomp\Caso3\Caso3_jd.ahumada10_r.garcia11\caso2_jd.ahumada10_r.garcia12ff\src\main\resources
2017-04-29 13:54:27,011 [Worker-13] WARN  o.e.m.c.i.embedder.EclipseLogger - Using platform encoding (Cp1252 actually) to copy filtered resources, i.e. build is platform dependent!
2017-04-29 13:54:27,029 [Worker-13] INFO  o.e.m.c.i.embedder.EclipseLogger - skip non existing resourceDirectory D:\Users\Rogelio Garcia\Documents\U\2017-I\Infracomp\Caso3\Caso3_jd.ahumada10_r.garcia11\caso2_jd.ahumada10_r.garcia12ff\src\test\resources
2017-04-29 13:55:25,368 [Worker-13] WARN  o.e.m.c.i.embedder.EclipseLogger - Using platform encoding (Cp1252 actually) to copy filtered resources, i.e. build is platform dependent!
2017-04-29 13:55:25,374 [Worker-13] INFO  o.e.m.c.i.embedder.EclipseLogger - skip non existing resourceDirectory D:\Users\Rogelio Garcia\Documents\U\2017-I\Infracomp\Caso3\Caso3_jd.ahumada10_r.garcia11\caso2_jd.ahumada10_r.garcia12ff\src\main\resources
2017-04-29 13:55:25,376 [Worker-13] WARN  o.e.m.c.i.embedder.EclipseLogger - Using platform encoding (Cp1252 actually) to copy filtered resources, i.e. build is platform dependent!
2017-04-29 13:55:25,385 [Worker-13] INFO  o.e.m.c.i.embedder.EclipseLogger - skip non existing resourceDirectory D:\Users\Rogelio Garcia\Documents\U\2017-I\Infracomp\Caso3\Caso3_jd.ahumada10_r.garcia11\caso2_jd.ahumada10_r.garcia12ff\src\test\resources
2017-04-29 13:56:56,573 [Worker-10] WARN  o.e.m.c.i.embedder.EclipseLogger - Using platform encoding (Cp1252 actually) to copy filtered resources, i.e. build is platform dependent!
2017-04-29 13:56:56,581 [Worker-10] INFO  o.e.m.c.i.embedder.EclipseLogger - skip non existing resourceDirectory D:\Users\Rogelio Garcia\Documents\U\2017-I\Infracomp\Caso3\Caso3_jd.ahumada10_r.garcia11\caso2_jd.ahumada10_r.garcia12ff\src\main\resources
2017-04-29 13:56:56,583 [Worker-10] WARN  o.e.m.c.i.embedder.EclipseLogger - Using platform encoding (Cp1252 actually) to copy filtered resources, i.e. build is platform dependent!
2017-04-29 13:56:56,589 [Worker-10] INFO  o.e.m.c.i.embedder.EclipseLogger - skip non existing resourceDirectory D:\Users\Rogelio Garcia\Documents\U\2017-I\Infracomp\Caso3\Caso3_jd.ahumada10_r.garcia11\caso2_jd.ahumada10_r.garcia12ff\src\test\resources
2017-04-29 13:57:23,612 [Worker-8] WARN  o.e.m.c.i.embedder.EclipseLogger - Using platform encoding (Cp1252 actually) to copy filtered resources, i.e. build is platform dependent!
2017-04-29 13:57:23,618 [Worker-8] INFO  o.e.m.c.i.embedder.EclipseLogger - skip non existing resourceDirectory D:\Users\Rogelio Garcia\Documents\U\2017-I\Infracomp\Caso3\Caso3_jd.ahumada10_r.garcia11\caso2_jd.ahumada10_r.garcia12ff\src\main\resources
2017-04-29 13:57:23,620 [Worker-8] WARN  o.e.m.c.i.embedder.EclipseLogger - Using platform encoding (Cp1252 actually) to copy filtered resources, i.e. build is platform dependent!
2017-04-29 13:57:23,626 [Worker-8] INFO  o.e.m.c.i.embedder.EclipseLogger - skip non existing resourceDirectory D:\Users\Rogelio Garcia\Documents\U\2017-I\Infracomp\Caso3\Caso3_jd.ahumada10_r.garcia11\caso2_jd.ahumada10_r.garcia12ff\src\test\resources
2017-04-29 14:04:34,538 [Worker-8] WARN  o.e.m.c.i.embedder.EclipseLogger - Using platform encoding (Cp1252 actually) to copy filtered resources, i.e. build is platform dependent!
2017-04-29 14:04:34,546 [Worker-8] INFO  o.e.m.c.i.embedder.EclipseLogger - skip non existing resourceDirectory D:\Users\Rogelio Garcia\Documents\U\2017-I\Infracomp\Caso3\Caso3_jd.ahumada10_r.garcia11\caso2_jd.ahumada10_r.garcia12ff\src\main\resources
2017-04-29 14:04:34,547 [Worker-8] WARN  o.e.m.c.i.embedder.EclipseLogger - Using platform encoding (Cp1252 actually) to copy filtered resources, i.e. build is platform dependent!
2017-04-29 14:04:34,553 [Worker-8] INFO  o.e.m.c.i.embedder.EclipseLogger - skip non existing resourceDirectory D:\Users\Rogelio Garcia\Documents\U\2017-I\Infracomp\Caso3\Caso3_jd.ahumada10_r.garcia11\caso2_jd.ahumada10_r.garcia12ff\src\test\resources
2017-04-29 14:04:48,949 [Worker-8] WARN  o.e.m.c.i.embedder.EclipseLogger - Using platform encoding (Cp1252 actually) to copy filtered resources, i.e. build is platform dependent!
2017-04-29 14:04:48,954 [Worker-8] INFO  o.e.m.c.i.embedder.EclipseLogger - skip non existing resourceDirectory D:\Users\Rogelio Garcia\Documents\U\2017-I\Infracomp\Caso3\Caso3_jd.ahumada10_r.garcia11\caso2_jd.ahumada10_r.garcia12ff\src\main\resources
2017-04-29 14:04:48,955 [Worker-8] WARN  o.e.m.c.i.embedder.EclipseLogger - Using platform encoding (Cp1252 actually) to copy filtered resources, i.e. build is platform dependent!
2017-04-29 14:04:48,960 [Worker-8] INFO  o.e.m.c.i.embedder.EclipseLogger - skip non existing resourceDirectory D:\Users\Rogelio Garcia\Documents\U\2017-I\Infracomp\Caso3\Caso3_jd.ahumada10_r.garcia11\caso2_jd.ahumada10_r.garcia12ff\src\test\resources
2017-04-29 14:05:40,846 [Worker-8] WARN  o.e.m.c.i.embedder.EclipseLogger - Using platform encoding (Cp1252 actually) to copy filtered resources, i.e. build is platform dependent!
2017-04-29 14:05:40,852 [Worker-8] INFO  o.e.m.c.i.embedder.EclipseLogger - skip non existing resourceDirectory D:\Users\Rogelio Garcia\Documents\U\2017-I\Infracomp\Caso3\Caso3_jd.ahumada10_r.garcia11\caso2_jd.ahumada10_r.garcia12ff\src\main\resources
2017-04-29 14:05:40,853 [Worker-8] WARN  o.e.m.c.i.embedder.EclipseLogger - Using platform encoding (Cp1252 actually) to copy filtered resources, i.e. build is platform dependent!
2017-04-29 14:05:40,860 [Worker-8] INFO  o.e.m.c.i.embedder.EclipseLogger - skip non existing resourceDirectory D:\Users\Rogelio Garcia\Documents\U\2017-I\Infracomp\Caso3\Caso3_jd.ahumada10_r.garcia11\caso2_jd.ahumada10_r.garcia12ff\src\test\resources
2017-04-29 14:06:16,875 [Worker-13] WARN  o.e.m.c.i.embedder.EclipseLogger - Using platform encoding (Cp1252 actually) to copy filtered resources, i.e. build is platform dependent!
2017-04-29 14:06:16,883 [Worker-13] INFO  o.e.m.c.i.embedder.EclipseLogger - skip non existing resourceDirectory D:\Users\Rogelio Garcia\Documents\U\2017-I\Infracomp\Caso3\Caso3_jd.ahumada10_r.garcia11\caso2_jd.ahumada10_r.garcia12ff\src\main\resources
2017-04-29 14:06:16,884 [Worker-13] WARN  o.e.m.c.i.embedder.EclipseLogger - Using platform encoding (Cp1252 actually) to copy filtered resources, i.e. build is platform dependent!
2017-04-29 14:06:16,892 [Worker-13] INFO  o.e.m.c.i.embedder.EclipseLogger - skip non existing resourceDirectory D:\Users\Rogelio Garcia\Documents\U\2017-I\Infracomp\Caso3\Caso3_jd.ahumada10_r.garcia11\caso2_jd.ahumada10_r.garcia12ff\src\test\resources
2017-04-29 14:10:40,919 [Worker-2] INFO  c.g.t.t.d.PublishedGradleVersions - Gradle version information cache is up-to-date. Trying to read.
2017-04-29 14:12:49,573 [Worker-16] WARN  o.e.m.c.i.embedder.EclipseLogger - Using platform encoding (Cp1252 actually) to copy filtered resources, i.e. build is platform dependent!
2017-04-29 14:12:49,580 [Worker-16] INFO  o.e.m.c.i.embedder.EclipseLogger - skip non existing resourceDirectory D:\Users\Rogelio Garcia\Documents\U\2017-I\Infracomp\Caso3\Caso3_jd.ahumada10_r.garcia11\caso2_jd.ahumada10_r.garcia12ff\src\main\resources
2017-04-29 14:12:49,583 [Worker-16] WARN  o.e.m.c.i.embedder.EclipseLogger - Using platform encoding (Cp1252 actually) to copy filtered resources, i.e. build is platform dependent!
2017-04-29 14:12:49,594 [Worker-16] INFO  o.e.m.c.i.embedder.EclipseLogger - skip non existing resourceDirectory D:\Users\Rogelio Garcia\Documents\U\2017-I\Infracomp\Caso3\Caso3_jd.ahumada10_r.garcia11\caso2_jd.ahumada10_r.garcia12ff\src\test\resources
2017-04-29 14:16:28,836 [Worker-4] WARN  o.e.m.c.i.embedder.EclipseLogger - Using platform encoding (Cp1252 actually) to copy filtered resources, i.e. build is platform dependent!
2017-04-29 14:16:28,843 [Worker-4] INFO  o.e.m.c.i.embedder.EclipseLogger - skip non existing resourceDirectory D:\Users\Rogelio Garcia\Documents\U\2017-I\Infracomp\Caso3\Caso3_jd.ahumada10_r.garcia11\caso2_jd.ahumada10_r.garcia12ff\src\main\resources
2017-04-29 14:16:28,845 [Worker-4] WARN  o.e.m.c.i.embedder.EclipseLogger - Using platform encoding (Cp1252 actually) to copy filtered resources, i.e. build is platform dependent!
2017-04-29 14:16:28,851 [Worker-4] INFO  o.e.m.c.i.embedder.EclipseLogger - skip non existing resourceDirectory D:\Users\Rogelio Garcia\Documents\U\2017-I\Infracomp\Caso3\Caso3_jd.ahumada10_r.garcia11\caso2_jd.ahumada10_r.garcia12ff\src\test\resources
2017-04-29 14:16:45,016 [Worker-14] WARN  o.e.m.c.i.embedder.EclipseLogger - Using platform encoding (Cp1252 actually) to copy filtered resources, i.e. build is platform dependent!
2017-04-29 14:16:45,022 [Worker-14] INFO  o.e.m.c.i.embedder.EclipseLogger - skip non existing resourceDirectory D:\Users\Rogelio Garcia\Documents\U\2017-I\Infracomp\Caso3\Caso3_jd.ahumada10_r.garcia11\caso2_jd.ahumada10_r.garcia12ff\src\main\resources
2017-04-29 14:16:45,024 [Worker-14] WARN  o.e.m.c.i.embedder.EclipseLogger - Using platform encoding (Cp1252 actually) to copy filtered resources, i.e. build is platform dependent!
2017-04-29 14:16:45,028 [Worker-14] INFO  o.e.m.c.i.embedder.EclipseLogger - skip non existing resourceDirectory D:\Users\Rogelio Garcia\Documents\U\2017-I\Infracomp\Caso3\Caso3_jd.ahumada10_r.garcia11\caso2_jd.ahumada10_r.garcia12ff\src\test\resources
2017-04-29 14:18:02,537 [Worker-14] WARN  o.e.m.c.i.embedder.EclipseLogger - Using platform encoding (Cp1252 actually) to copy filtered resources, i.e. build is platform dependent!
2017-04-29 14:18:02,543 [Worker-14] INFO  o.e.m.c.i.embedder.EclipseLogger - skip non existing resourceDirectory D:\Users\Rogelio Garcia\Documents\U\2017-I\Infracomp\Caso3\Caso3_jd.ahumada10_r.garcia11\caso2_jd.ahumada10_r.garcia12ff\src\main\resources
2017-04-29 14:18:02,545 [Worker-14] WARN  o.e.m.c.i.embedder.EclipseLogger - Using platform encoding (Cp1252 actually) to copy filtered resources, i.e. build is platform dependent!
2017-04-29 14:18:02,551 [Worker-14] INFO  o.e.m.c.i.embedder.EclipseLogger - skip non existing resourceDirectory D:\Users\Rogelio Garcia\Documents\U\2017-I\Infracomp\Caso3\Caso3_jd.ahumada10_r.garcia11\caso2_jd.ahumada10_r.garcia12ff\src\test\resources
2017-04-29 14:18:07,906 [Worker-9] WARN  o.e.m.c.i.embedder.EclipseLogger - Using platform encoding (Cp1252 actually) to copy filtered resources, i.e. build is platform dependent!
2017-04-29 14:18:07,911 [Worker-9] INFO  o.e.m.c.i.embedder.EclipseLogger - skip non existing resourceDirectory D:\Users\Rogelio Garcia\Documents\U\2017-I\Infracomp\Caso3\Caso3_jd.ahumada10_r.garcia11\caso2_jd.ahumada10_r.garcia12ff\src\main\resources
2017-04-29 14:18:07,912 [Worker-9] WARN  o.e.m.c.i.embedder.EclipseLogger - Using platform encoding (Cp1252 actually) to copy filtered resources, i.e. build is platform dependent!
2017-04-29 14:18:07,918 [Worker-9] INFO  o.e.m.c.i.embedder.EclipseLogger - skip non existing resourceDirectory D:\Users\Rogelio Garcia\Documents\U\2017-I\Infracomp\Caso3\Caso3_jd.ahumada10_r.garcia11\caso2_jd.ahumada10_r.garcia12ff\src\test\resources
2017-04-29 14:18:48,586 [Worker-15] WARN  o.e.m.c.i.embedder.EclipseLogger - Using platform encoding (Cp1252 actually) to copy filtered resources, i.e. build is platform dependent!
2017-04-29 14:18:48,592 [Worker-15] INFO  o.e.m.c.i.embedder.EclipseLogger - skip non existing resourceDirectory D:\Users\Rogelio Garcia\Documents\U\2017-I\Infracomp\Caso3\Caso3_jd.ahumada10_r.garcia11\caso2_jd.ahumada10_r.garcia12ff\src\main\resources
2017-04-29 14:18:48,594 [Worker-15] WARN  o.e.m.c.i.embedder.EclipseLogger - Using platform encoding (Cp1252 actually) to copy filtered resources, i.e. build is platform dependent!
2017-04-29 14:18:48,600 [Worker-15] INFO  o.e.m.c.i.embedder.EclipseLogger - skip non existing resourceDirectory D:\Users\Rogelio Garcia\Documents\U\2017-I\Infracomp\Caso3\Caso3_jd.ahumada10_r.garcia11\caso2_jd.ahumada10_r.garcia12ff\src\test\resources
2017-04-29 14:19:37,428 [Worker-15] WARN  o.e.m.c.i.embedder.EclipseLogger - Using platform encoding (Cp1252 actually) to copy filtered resources, i.e. build is platform dependent!
2017-04-29 14:19:37,434 [Worker-15] INFO  o.e.m.c.i.embedder.EclipseLogger - skip non existing resourceDirectory D:\Users\Rogelio Garcia\Documents\U\2017-I\Infracomp\Caso3\Caso3_jd.ahumada10_r.garcia11\caso2_jd.ahumada10_r.garcia12ff\src\main\resources
2017-04-29 14:19:37,437 [Worker-15] WARN  o.e.m.c.i.embedder.EclipseLogger - Using platform encoding (Cp1252 actually) to copy filtered resources, i.e. build is platform dependent!
2017-04-29 14:19:37,443 [Worker-15] INFO  o.e.m.c.i.embedder.EclipseLogger - skip non existing resourceDirectory D:\Users\Rogelio Garcia\Documents\U\2017-I\Infracomp\Caso3\Caso3_jd.ahumada10_r.garcia11\caso2_jd.ahumada10_r.garcia12ff\src\test\resources
2017-04-29 14:20:05,318 [Worker-8] WARN  o.e.m.c.i.embedder.EclipseLogger - Using platform encoding (Cp1252 actually) to copy filtered resources, i.e. build is platform dependent!
2017-04-29 14:20:05,323 [Worker-8] INFO  o.e.m.c.i.embedder.EclipseLogger - skip non existing resourceDirectory D:\Users\Rogelio Garcia\Documents\U\2017-I\Infracomp\Caso3\Caso3_jd.ahumada10_r.garcia11\caso2_jd.ahumada10_r.garcia12ff\src\main\resources
2017-04-29 14:20:05,326 [Worker-8] WARN  o.e.m.c.i.embedder.EclipseLogger - Using platform encoding (Cp1252 actually) to copy filtered resources, i.e. build is platform dependent!
2017-04-29 14:20:05,331 [Worker-8] INFO  o.e.m.c.i.embedder.EclipseLogger - skip non existing resourceDirectory D:\Users\Rogelio Garcia\Documents\U\2017-I\Infracomp\Caso3\Caso3_jd.ahumada10_r.garcia11\caso2_jd.ahumada10_r.garcia12ff\src\test\resources
2017-04-29 14:20:20,538 [Worker-8] WARN  o.e.m.c.i.embedder.EclipseLogger - Using platform encoding (Cp1252 actually) to copy filtered resources, i.e. build is platform dependent!
2017-04-29 14:20:20,545 [Worker-8] INFO  o.e.m.c.i.embedder.EclipseLogger - skip non existing resourceDirectory D:\Users\Rogelio Garcia\Documents\U\2017-I\Infracomp\Caso3\Caso3_jd.ahumada10_r.garcia11\caso2_jd.ahumada10_r.garcia12ff\src\main\resources
2017-04-29 14:20:20,548 [Worker-8] WARN  o.e.m.c.i.embedder.EclipseLogger - Using platform encoding (Cp1252 actually) to copy filtered resources, i.e. build is platform dependent!
2017-04-29 14:20:20,570 [Worker-8] INFO  o.e.m.c.i.embedder.EclipseLogger - skip non existing resourceDirectory D:\Users\Rogelio Garcia\Documents\U\2017-I\Infracomp\Caso3\Caso3_jd.ahumada10_r.garcia11\caso2_jd.ahumada10_r.garcia12ff\src\test\resources
2017-04-29 14:24:22,584 [Worker-15] INFO  o.e.m.c.i.l.LifecycleMappingFactory - Using org.eclipse.m2e.jdt.JarLifecycleMapping lifecycle mapping for MavenProject: caso2_jd.ahumada10_r.garcia11:caso2_jd.ahumada10_r.garcia11:0.0.1-SNAPSHOT @ D:\Users\Rogelio Garcia\Documents\U\2017-I\Infracomp\Caso3\Caso3_jd.ahumada10_r.garcia11\caso3_jd.ahumada10_r.garcia11\pom.xml.
2017-04-29 14:24:22,836 [Worker-15] WARN  o.e.m.c.i.embedder.EclipseLogger - Using platform encoding (Cp1252 actually) to copy filtered resources, i.e. build is platform dependent!
2017-04-29 14:24:22,842 [Worker-15] INFO  o.e.m.c.i.embedder.EclipseLogger - skip non existing resourceDirectory D:\Users\Rogelio Garcia\Documents\U\2017-I\Infracomp\Caso3\Caso3_jd.ahumada10_r.garcia11\caso3_jd.ahumada10_r.garcia11\src\main\resources
2017-04-29 14:24:22,843 [Worker-15] WARN  o.e.m.c.i.embedder.EclipseLogger - Using platform encoding (Cp1252 actually) to copy filtered resources, i.e. build is platform dependent!
2017-04-29 14:24:22,849 [Worker-15] INFO  o.e.m.c.i.embedder.EclipseLogger - skip non existing resourceDirectory D:\Users\Rogelio Garcia\Documents\U\2017-I\Infracomp\Caso3\Caso3_jd.ahumada10_r.garcia11\caso3_jd.ahumada10_r.garcia11\src\test\resources
2017-04-29 14:24:23,951 [Worker-8] WARN  o.e.m.c.i.embedder.EclipseLogger - Using platform encoding (Cp1252 actually) to copy filtered resources, i.e. build is platform dependent!
2017-04-29 14:24:23,968 [Worker-8] INFO  o.e.m.c.i.embedder.EclipseLogger - skip non existing resourceDirectory D:\Users\Rogelio Garcia\Documents\U\2017-I\Infracomp\Caso3\Caso3_jd.ahumada10_r.garcia11\caso3_jd.ahumada10_r.garcia11\src\main\resources
2017-04-29 14:24:23,969 [Worker-8] WARN  o.e.m.c.i.embedder.EclipseLogger - Using platform encoding (Cp1252 actually) to copy filtered resources, i.e. build is platform dependent!
2017-04-29 14:24:23,975 [Worker-8] INFO  o.e.m.c.i.embedder.EclipseLogger - skip non existing resourceDirectory D:\Users\Rogelio Garcia\Documents\U\2017-I\Infracomp\Caso3\Caso3_jd.ahumada10_r.garcia11\caso3_jd.ahumada10_r.garcia11\src\test\resources
2017-04-29 14:24:55,663 [Worker-18] WARN  o.e.m.c.i.embedder.EclipseLogger - Using platform encoding (Cp1252 actually) to copy filtered resources, i.e. build is platform dependent!
2017-04-29 14:24:55,669 [Worker-18] INFO  o.e.m.c.i.embedder.EclipseLogger - skip non existing resourceDirectory D:\Users\Rogelio Garcia\Documents\U\2017-I\Infracomp\Caso3\Caso3_jd.ahumada10_r.garcia11\caso3_jd.ahumada10_r.garcia11\src\main\resources
2017-04-29 14:24:55,671 [Worker-18] WARN  o.e.m.c.i.embedder.EclipseLogger - Using platform encoding (Cp1252 actually) to copy filtered resources, i.e. build is platform dependent!
2017-04-29 14:24:55,678 [Worker-18] INFO  o.e.m.c.i.embedder.EclipseLogger - skip non existing resourceDirectory D:\Users\Rogelio Garcia\Documents\U\2017-I\Infracomp\Caso3\Caso3_jd.ahumada10_r.garcia11\caso3_jd.ahumada10_r.garcia11\src\test\resources
2017-04-29 14:27:02,423 [Worker-15] WARN  o.e.m.c.i.embedder.EclipseLogger - Using platform encoding (Cp1252 actually) to copy filtered resources, i.e. build is platform dependent!
2017-04-29 14:27:02,488 [Worker-15] INFO  o.e.m.c.i.embedder.EclipseLogger - skip non existing resourceDirectory D:\Users\Rogelio Garcia\Documents\U\2017-I\Infracomp\Caso3\Caso3_jd.ahumada10_r.garcia11\caso3_jd.ahumada10_r.garcia11\src\main\resources
2017-04-29 14:27:02,489 [Worker-15] WARN  o.e.m.c.i.embedder.EclipseLogger - Using platform encoding (Cp1252 actually) to copy filtered resources, i.e. build is platform dependent!
2017-04-29 14:27:02,495 [Worker-15] INFO  o.e.m.c.i.embedder.EclipseLogger - skip non existing resourceDirectory D:\Users\Rogelio Garcia\Documents\U\2017-I\Infracomp\Caso3\Caso3_jd.ahumada10_r.garcia11\caso3_jd.ahumada10_r.garcia11\src\test\resources
2017-04-29 14:27:03,506 [Worker-4] WARN  o.e.m.c.i.embedder.EclipseLogger - Using platform encoding (Cp1252 actually) to copy filtered resources, i.e. build is platform dependent!
2017-04-29 14:27:03,512 [Worker-4] INFO  o.e.m.c.i.embedder.EclipseLogger - skip non existing resourceDirectory D:\Users\Rogelio Garcia\Documents\U\2017-I\Infracomp\Caso3\Caso3_jd.ahumada10_r.garcia11\caso3_jd.ahumada10_r.garcia11\src\main\resources
2017-04-29 14:27:03,513 [Worker-4] WARN  o.e.m.c.i.embedder.EclipseLogger - Using platform encoding (Cp1252 actually) to copy filtered resources, i.e. build is platform dependent!
2017-04-29 14:27:03,518 [Worker-4] INFO  o.e.m.c.i.embedder.EclipseLogger - skip non existing resourceDirectory D:\Users\Rogelio Garcia\Documents\U\2017-I\Infracomp\Caso3\Caso3_jd.ahumada10_r.garcia11\caso3_jd.ahumada10_r.garcia11\src\test\resources
2017-04-29 14:30:19,011 [Worker-17] WARN  o.e.m.c.i.embedder.EclipseLogger - Using platform encoding (Cp1252 actually) to copy filtered resources, i.e. build is platform dependent!
2017-04-29 14:30:19,017 [Worker-17] INFO  o.e.m.c.i.embedder.EclipseLogger - skip non existing resourceDirectory D:\Users\Rogelio Garcia\Documents\U\2017-I\Infracomp\Caso3\Caso3_jd.ahumada10_r.garcia11\caso3_jd.ahumada10_r.garcia11\src\main\resources
2017-04-29 14:30:19,018 [Worker-17] WARN  o.e.m.c.i.embedder.EclipseLogger - Using platform encoding (Cp1252 actually) to copy filtered resources, i.e. build is platform dependent!
2017-04-29 14:30:19,024 [Worker-17] INFO  o.e.m.c.i.embedder.EclipseLogger - skip non existing resourceDirectory D:\Users\Rogelio Garcia\Documents\U\2017-I\Infracomp\Caso3\Caso3_jd.ahumada10_r.garcia11\caso3_jd.ahumada10_r.garcia11\src\test\resources
2017-04-29 14:31:14,421 [Worker-19] WARN  o.e.m.c.i.embedder.EclipseLogger - Using platform encoding (Cp1252 actually) to copy filtered resources, i.e. build is platform dependent!
2017-04-29 14:31:14,427 [Worker-19] INFO  o.e.m.c.i.embedder.EclipseLogger - skip non existing resourceDirectory D:\Users\Rogelio Garcia\Documents\U\2017-I\Infracomp\Caso3\Caso3_jd.ahumada10_r.garcia11\caso3_jd.ahumada10_r.garcia11\src\main\resources
2017-04-29 14:31:14,429 [Worker-19] WARN  o.e.m.c.i.embedder.EclipseLogger - Using platform encoding (Cp1252 actually) to copy filtered resources, i.e. build is platform dependent!
2017-04-29 14:31:14,435 [Worker-19] INFO  o.e.m.c.i.embedder.EclipseLogger - skip non existing resourceDirectory D:\Users\Rogelio Garcia\Documents\U\2017-I\Infracomp\Caso3\Caso3_jd.ahumada10_r.garcia11\caso3_jd.ahumada10_r.garcia11\src\test\resources
2017-04-29 14:31:24,078 [Worker-3] WARN  o.e.m.c.i.embedder.EclipseLogger - Using platform encoding (Cp1252 actually) to copy filtered resources, i.e. build is platform dependent!
2017-04-29 14:31:24,087 [Worker-3] INFO  o.e.m.c.i.embedder.EclipseLogger - skip non existing resourceDirectory D:\Users\Rogelio Garcia\Documents\U\2017-I\Infracomp\Caso3\Caso3_jd.ahumada10_r.garcia11\caso3_jd.ahumada10_r.garcia11\src\main\resources
2017-04-29 14:31:24,089 [Worker-3] WARN  o.e.m.c.i.embedder.EclipseLogger - Using platform encoding (Cp1252 actually) to copy filtered resources, i.e. build is platform dependent!
2017-04-29 14:31:24,095 [Worker-3] INFO  o.e.m.c.i.embedder.EclipseLogger - skip non existing resourceDirectory D:\Users\Rogelio Garcia\Documents\U\2017-I\Infracomp\Caso3\Caso3_jd.ahumada10_r.garcia11\caso3_jd.ahumada10_r.garcia11\src\test\resources
2017-04-29 14:31:32,057 [Worker-17] WARN  o.e.m.c.i.embedder.EclipseLogger - Using platform encoding (Cp1252 actually) to copy filtered resources, i.e. build is platform dependent!
2017-04-29 14:31:32,062 [Worker-17] INFO  o.e.m.c.i.embedder.EclipseLogger - skip non existing resourceDirectory D:\Users\Rogelio Garcia\Documents\U\2017-I\Infracomp\Caso3\Caso3_jd.ahumada10_r.garcia11\caso3_jd.ahumada10_r.garcia11\src\main\resources
2017-04-29 14:31:32,063 [Worker-17] WARN  o.e.m.c.i.embedder.EclipseLogger - Using platform encoding (Cp1252 actually) to copy filtered resources, i.e. build is platform dependent!
2017-04-29 14:31:32,069 [Worker-17] INFO  o.e.m.c.i.embedder.EclipseLogger - skip non existing resourceDirectory D:\Users\Rogelio Garcia\Documents\U\2017-I\Infracomp\Caso3\Caso3_jd.ahumada10_r.garcia11\caso3_jd.ahumada10_r.garcia11\src\test\resources
2017-04-29 14:33:03,775 [Worker-2] WARN  o.e.m.c.i.embedder.EclipseLogger - Using platform encoding (Cp1252 actually) to copy filtered resources, i.e. build is platform dependent!
2017-04-29 14:33:03,781 [Worker-2] INFO  o.e.m.c.i.embedder.EclipseLogger - skip non existing resourceDirectory D:\Users\Rogelio Garcia\Documents\U\2017-I\Infracomp\Caso3\Caso3_jd.ahumada10_r.garcia11\caso3_jd.ahumada10_r.garcia11\src\main\resources
2017-04-29 14:33:03,782 [Worker-2] WARN  o.e.m.c.i.embedder.EclipseLogger - Using platform encoding (Cp1252 actually) to copy filtered resources, i.e. build is platform dependent!
2017-04-29 14:33:03,790 [Worker-2] INFO  o.e.m.c.i.embedder.EclipseLogger - skip non existing resourceDirectory D:\Users\Rogelio Garcia\Documents\U\2017-I\Infracomp\Caso3\Caso3_jd.ahumada10_r.garcia11\caso3_jd.ahumada10_r.garcia11\src\test\resources
2017-04-29 14:35:44,976 [Worker-2] WARN  o.e.m.c.i.embedder.EclipseLogger - Using platform encoding (Cp1252 actually) to copy filtered resources, i.e. build is platform dependent!
2017-04-29 14:35:44,980 [Worker-2] INFO  o.e.m.c.i.embedder.EclipseLogger - skip non existing resourceDirectory D:\Users\Rogelio Garcia\Documents\U\2017-I\Infracomp\Caso3\Caso3_jd.ahumada10_r.garcia11\caso3_jd.ahumada10_r.garcia11\src\main\resources
2017-04-29 14:35:44,981 [Worker-2] WARN  o.e.m.c.i.embedder.EclipseLogger - Using platform encoding (Cp1252 actually) to copy filtered resources, i.e. build is platform dependent!
2017-04-29 14:35:44,986 [Worker-2] INFO  o.e.m.c.i.embedder.EclipseLogger - skip non existing resourceDirectory D:\Users\Rogelio Garcia\Documents\U\2017-I\Infracomp\Caso3\Caso3_jd.ahumada10_r.garcia11\caso3_jd.ahumada10_r.garcia11\src\test\resources
2017-04-29 14:38:02,949 [Worker-12] WARN  o.e.m.c.i.embedder.EclipseLogger - Using platform encoding (Cp1252 actually) to copy filtered resources, i.e. build is platform dependent!
2017-04-29 14:38:02,955 [Worker-12] INFO  o.e.m.c.i.embedder.EclipseLogger - skip non existing resourceDirectory D:\Users\Rogelio Garcia\Documents\U\2017-I\Infracomp\Caso3\Caso3_jd.ahumada10_r.garcia11\caso3_jd.ahumada10_r.garcia11\src\main\resources
2017-04-29 14:38:02,956 [Worker-12] WARN  o.e.m.c.i.embedder.EclipseLogger - Using platform encoding (Cp1252 actually) to copy filtered resources, i.e. build is platform dependent!
2017-04-29 14:38:02,962 [Worker-12] INFO  o.e.m.c.i.embedder.EclipseLogger - skip non existing resourceDirectory D:\Users\Rogelio Garcia\Documents\U\2017-I\Infracomp\Caso3\Caso3_jd.ahumada10_r.garcia11\caso3_jd.ahumada10_r.garcia11\src\test\resources
2017-04-29 14:39:29,459 [Worker-12] WARN  o.e.m.c.i.embedder.EclipseLogger - Using platform encoding (Cp1252 actually) to copy filtered resources, i.e. build is platform dependent!
2017-04-29 14:39:29,468 [Worker-12] INFO  o.e.m.c.i.embedder.EclipseLogger - skip non existing resourceDirectory D:\Users\Rogelio Garcia\Documents\U\2017-I\Infracomp\Caso3\Caso3_jd.ahumada10_r.garcia11\caso3_jd.ahumada10_r.garcia11\src\main\resources
2017-04-29 14:39:29,470 [Worker-12] WARN  o.e.m.c.i.embedder.EclipseLogger - Using platform encoding (Cp1252 actually) to copy filtered resources, i.e. build is platform dependent!
2017-04-29 14:39:29,487 [Worker-12] INFO  o.e.m.c.i.embedder.EclipseLogger - skip non existing resourceDirectory D:\Users\Rogelio Garcia\Documents\U\2017-I\Infracomp\Caso3\Caso3_jd.ahumada10_r.garcia11\caso3_jd.ahumada10_r.garcia11\src\test\resources
2017-04-29 14:39:49,084 [Worker-14] WARN  o.e.m.c.i.embedder.EclipseLogger - Using platform encoding (Cp1252 actually) to copy filtered resources, i.e. build is platform dependent!
2017-04-29 14:39:49,090 [Worker-14] INFO  o.e.m.c.i.embedder.EclipseLogger - skip non existing resourceDirectory D:\Users\Rogelio Garcia\Documents\U\2017-I\Infracomp\Caso3\Caso3_jd.ahumada10_r.garcia11\caso3_jd.ahumada10_r.garcia11\src\main\resources
2017-04-29 14:39:49,091 [Worker-14] WARN  o.e.m.c.i.embedder.EclipseLogger - Using platform encoding (Cp1252 actually) to copy filtered resources, i.e. build is platform dependent!
2017-04-29 14:39:49,095 [Worker-14] INFO  o.e.m.c.i.embedder.EclipseLogger - skip non existing resourceDirectory D:\Users\Rogelio Garcia\Documents\U\2017-I\Infracomp\Caso3\Caso3_jd.ahumada10_r.garcia11\caso3_jd.ahumada10_r.garcia11\src\test\resources
2017-04-29 14:41:01,134 [Worker-5] WARN  o.e.m.c.i.embedder.EclipseLogger - Using platform encoding (Cp1252 actually) to copy filtered resources, i.e. build is platform dependent!
2017-04-29 14:41:01,139 [Worker-5] INFO  o.e.m.c.i.embedder.EclipseLogger - skip non existing resourceDirectory D:\Users\Rogelio Garcia\Documents\U\2017-I\Infracomp\Caso3\Caso3_jd.ahumada10_r.garcia11\caso3_jd.ahumada10_r.garcia11\src\main\resources
2017-04-29 14:41:01,140 [Worker-5] WARN  o.e.m.c.i.embedder.EclipseLogger - Using platform encoding (Cp1252 actually) to copy filtered resources, i.e. build is platform dependent!
2017-04-29 14:41:01,144 [Worker-5] INFO  o.e.m.c.i.embedder.EclipseLogger - skip non existing resourceDirectory D:\Users\Rogelio Garcia\Documents\U\2017-I\Infracomp\Caso3\Caso3_jd.ahumada10_r.garcia11\caso3_jd.ahumada10_r.garcia11\src\test\resources
2017-04-29 14:41:43,785 [Worker-2] WARN  o.e.m.c.i.embedder.EclipseLogger - Using platform encoding (Cp1252 actually) to copy filtered resources, i.e. build is platform dependent!
2017-04-29 14:41:43,790 [Worker-2] INFO  o.e.m.c.i.embedder.EclipseLogger - skip non existing resourceDirectory D:\Users\Rogelio Garcia\Documents\U\2017-I\Infracomp\Caso3\Caso3_jd.ahumada10_r.garcia11\caso3_jd.ahumada10_r.garcia11\src\main\resources
2017-04-29 14:41:43,791 [Worker-2] WARN  o.e.m.c.i.embedder.EclipseLogger - Using platform encoding (Cp1252 actually) to copy filtered resources, i.e. build is platform dependent!
2017-04-29 14:41:43,796 [Worker-2] INFO  o.e.m.c.i.embedder.EclipseLogger - skip non existing resourceDirectory D:\Users\Rogelio Garcia\Documents\U\2017-I\Infracomp\Caso3\Caso3_jd.ahumada10_r.garcia11\caso3_jd.ahumada10_r.garcia11\src\test\resources
